12:02:50 **** Incremental Build of configuration Debug for project SPI ****
make -j8 all 
arm-none-eabi-gcc "../Core/Src/syscalls.c" -mcpu=cortex-m4 -std=gnu11 -g3 -DDEBUG -DUSE_HAL_DRIVER -DSTM32F446xx -c -I../Core/Inc -I../Drivers/STM32F4xx_HAL_Driver/Inc -I../Drivers/STM32F4xx_HAL_Driver/Inc/Legacy -I../Drivers/CMSIS/Device/ST/STM32F4xx/Include -I../Drivers/CMSIS/Include -O0 -ffunction-sections -fdata-sections -Wall -fstack-usage -fcyclomatic-complexity -MMD -MP -MF"Core/Src/syscalls.d" -MT"Core/Src/syscalls.o" --specs=nano.specs -mfpu=fpv4-sp-d16 -mfloat-abi=hard -mthumb -o "Core/Src/syscalls.o"
arm-none-eabi-gcc -o "SPI.elf" @"objects.list"   -mcpu=cortex-m4 -T"C:\Users\Usuario\Documents\Workspace STM32\SPI\STM32F446RETX_FLASH.ld" --specs=nosys.specs -Wl,-Map="SPI.map" -Wl,--gc-sections -static --specs=nano.specs -mfpu=fpv4-sp-d16 -mfloat-abi=hard -mthumb -Wl,--start-group -lc -lm -Wl,--end-group
Finished building target: SPI.elf
 
arm-none-eabi-size  SPI.elf 
arm-none-eabi-objdump -h -S SPI.elf  > "SPI.list"
   text	   data	    bss	    dec	    hex	filename
  12780	    112	   1976	  14868	   3a14	SPI.elf
Finished building: default.size.stdout
 
Finished building: SPI.list
 
12:03:32 **** Incremental Build of configuration Debug for project SPI ****
make -j8 all 
arm-none-eabi-size  SPI.elf 
   text	   data	    bss	    dec	    hex	filename
  12780	    112	   1976	  14868	   3a14	SPI.elf
Finished building: default.size.stdout
 
12:04:42 **** Incremental Build of configuration Debug for project SPI ****
make -j8 all 
arm-none-eabi-size  SPI.elf 
   text	   data	    bss	    dec	    hex	filename
  12780	    112	   1976	  14868	   3a14	SPI.elf
Finished building: default.size.stdout
 
12:06:33 **** Incremental Build of configuration Debug for project SPI ****
make -j8 all 
arm-none-eabi-size  SPI.elf 
   text	   data	    bss	    dec	    hex	filename
  12780	    112	   1976	  14868	   3a14	SPI.elf
Finished building: default.size.stdout
 
12:11:04 **** Incremental Build of configuration Debug for project SPI ****
make -j8 all 
arm-none-eabi-size  SPI.elf 
   text	   data	    bss	    dec	    hex	filename
  12780	    112	   1976	  14868	   3a14	SPI.elf
Finished building: default.size.stdout
 
12:13:01 **** Incremental Build of configuration Debug for project SPI ****
make -j8 all 
arm-none-eabi-gcc "../Core/Src/main.c" -mcpu=cortex-m4 -std=gnu11 -g3 -DDEBUG -DUSE_HAL_DRIVER -DSTM32F446xx -c -I../Core/Inc -I../Drivers/STM32F4xx_HAL_Driver/Inc -I../Drivers/STM32F4xx_HAL_Driver/Inc/Legacy -I../Drivers/CMSIS/Device/ST/STM32F4xx/Include -I../Drivers/CMSIS/Include -O0 -ffunction-sections -fdata-sections -Wall -fstack-usage -fcyclomatic-complexity -MMD -MP -MF"Core/Src/main.d" -MT"Core/Src/main.o" --specs=nano.specs -mfpu=fpv4-sp-d16 -mfloat-abi=hard -mthumb -o "Core/Src/main.o"
arm-none-eabi-gcc -o "SPI.elf" @"objects.list"   -mcpu=cortex-m4 -T"C:\Users\Usuario\Documents\Workspace STM32\SPI\STM32F446RETX_FLASH.ld" --specs=nosys.specs -Wl,-Map="SPI.map" -Wl,--gc-sections -static --specs=nano.specs -mfpu=fpv4-sp-d16 -mfloat-abi=hard -mthumb -Wl,--start-group -lc -lm -Wl,--end-group
Finished building target: SPI.elf
 
arm-none-eabi-size  SPI.elf 
arm-none-eabi-objdump -h -S SPI.elf  > "SPI.list"
   text	   data	    bss	    dec	    hex	filename
  12780	    112	   1976	  14868	   3a14	SPI.elf
Finished building: default.size.stdout
 
Finished building: SPI.list
 
12:14:06 **** Incremental Build of configuration Debug for project SPI ****
make -j8 all 
arm-none-eabi-size  SPI.elf 
   text	   data	    bss	    dec	    hex	filename
  12780	    112	   1976	  14868	   3a14	SPI.elf
Finished building: default.size.stdout
 
12:15:17 **** Incremental Build of configuration Debug for project SPI ****
make -j8 all 
arm-none-eabi-gcc "../Core/Src/main.c" -mcpu=cortex-m4 -std=gnu11 -g3 -DDEBUG -DUSE_HAL_DRIVER -DSTM32F446xx -c -I../Core/Inc -I../Drivers/STM32F4xx_HAL_Driver/Inc -I../Drivers/STM32F4xx_HAL_Driver/Inc/Legacy -I../Drivers/CMSIS/Device/ST/STM32F4xx/Include -I../Drivers/CMSIS/Include -O0 -ffunction-sections -fdata-sections -Wall -fstack-usage -fcyclomatic-complexity -MMD -MP -MF"Core/Src/main.d" -MT"Core/Src/main.o" --specs=nano.specs -mfpu=fpv4-sp-d16 -mfloat-abi=hard -mthumb -o "Core/Src/main.o"
arm-none-eabi-gcc -o "SPI.elf" @"objects.list"   -mcpu=cortex-m4 -T"C:\Users\Usuario\Documents\Workspace STM32\SPI\STM32F446RETX_FLASH.ld" --specs=nosys.specs -Wl,-Map="SPI.map" -Wl,--gc-sections -static --specs=nano.specs -mfpu=fpv4-sp-d16 -mfloat-abi=hard -mthumb -Wl,--start-group -lc -lm -Wl,--end-group
Finished building target: SPI.elf
 
arm-none-eabi-size  SPI.elf 
arm-none-eabi-objdump -h -S SPI.elf  > "SPI.list"
   text	   data	    bss	    dec	    hex	filename
  12724	    112	   1976	  14812	   39dc	SPI.elf
Finished building: default.size.stdout
 
Finished building: SPI.list
 
12:17:17 **** Incremental Build of configuration Debug for project SPI ****
make -j8 all 
arm-none-eabi-gcc "../Core/Src/main.c" -mcpu=cortex-m4 -std=gnu11 -g3 -DDEBUG -DUSE_HAL_DRIVER -DSTM32F446xx -c -I../Core/Inc -I../Drivers/STM32F4xx_HAL_Driver/Inc -I../Drivers/STM32F4xx_HAL_Driver/Inc/Legacy -I../Drivers/CMSIS/Device/ST/STM32F4xx/Include -I../Drivers/CMSIS/Include -O0 -ffunction-sections -fdata-sections -Wall -fstack-usage -fcyclomatic-complexity -MMD -MP -MF"Core/Src/main.d" -MT"Core/Src/main.o" --specs=nano.specs -mfpu=fpv4-sp-d16 -mfloat-abi=hard -mthumb -o "Core/Src/main.o"
arm-none-eabi-gcc -o "SPI.elf" @"objects.list"   -mcpu=cortex-m4 -T"C:\Users\Usuario\Documents\Workspace STM32\SPI\STM32F446RETX_FLASH.ld" --specs=nosys.specs -Wl,-Map="SPI.map" -Wl,--gc-sections -static --specs=nano.specs -mfpu=fpv4-sp-d16 -mfloat-abi=hard -mthumb -Wl,--start-group -lc -lm -Wl,--end-group
Finished building target: SPI.elf
 
arm-none-eabi-size  SPI.elf 
arm-none-eabi-objdump -h -S SPI.elf  > "SPI.list"
   text	   data	    bss	    dec	    hex	filename
  12720	    112	   1976	  14808	   39d8	SPI.elf
Finished building: default.size.stdout
 
Finished building: SPI.list
 
